Path to Cutadapt set as: 'cutadapt' (default)
Cutadapt seems to be working fine (tested command 'cutadapt --version')
Cutadapt version: 4.5
Could not detect version of Python used by Cutadapt from the first line of Cutadapt (but found this: >>>#!/bin/sh<<<)
Letting the (modified) Cutadapt deal with the Python version instead
pigz 2.8
Parallel gzip (pigz) detected. Proceeding with multicore (de)compression using 6 cores

igzip command line interface 2.30.0
igzip detected. Using igzip for decompressing

No quality encoding type selected. Assuming that the data provided uses Sanger encoded Phred scores (default)

Writing report to 'SRR19243478_1.fastq.gz_trimming_report.txt'

SUMMARISING RUN PARAMETERS
==========================
Input filename: SRR19243478/SRR19243478_1.fastq.gz
Trimming mode: paired-end
Trim Galore version: 0.6.10
Cutadapt version: 4.5
Python version: could not detect
Number of cores used for trimming: 6
Quality Phred score cutoff: 20
Quality encoding type selected: ASCII+33
Adapter sequence: 'AGATCGGAAGAGC' (Illumina TruSeq, Sanger iPCR; user defined)
Maximum trimming error rate: 0.1 (default)
Minimum required adapter overlap (stringency): 1 bp
Minimum required sequence length for both reads before a sequence pair gets removed: 35 bp
Output file(s) will be GZIP compressed

Cutadapt seems to be fairly up-to-date (version 4.5). Setting -j 6
Writing final adapter and quality trimmed output to SRR19243478_1_trimmed.fq.gz


  >>> Now performing quality (cutoff '-q 20') and adapter trimming in a single pass for the adapter sequence: 'AGATCGGAAGAGC' from file SRR19243478/SRR19243478_1.fastq.gz <<< 
10000000 sequences processed
20000000 sequences processed
30000000 sequences processed
This is cutadapt 4.5 with Python 3.10.13
Command line parameters: -j 6 -e 0.1 -q 20 -O 1 -a AGATCGGAAGAGC SRR19243478/SRR19243478_1.fastq.gz
Processing single-end reads on 6 cores ...
Finished in 131.069 s (4.130 µs/read; 14.53 M reads/minute).

=== Summary ===

Total reads processed:              31,739,318
Reads with adapters:                 9,613,719 (30.3%)
Reads written (passing filters):    31,739,318 (100.0%)

Total basepairs processed: 2,412,188,168 bp
Quality-trimmed:               1,798,304 bp (0.1%)
Total written (filtered):  2,388,723,523 bp (99.0%)

=== Adapter 1 ===

Sequence: AGATCGGAAGAGC; Type: regular 3'; Length: 13; Trimmed: 9613719 times

Minimum overlap: 1
No. of allowed errors:
1-9 bp: 0; 10-13 bp: 1

Bases preceding removed adapters:
  A: 29.9%
  C: 28.4%
  G: 25.6%
  T: 16.2%
  none/other: 0.0%

Overview of removed sequences
length	count	expect	max.err	error counts
1	6416112	7934829.5	0	6416112
2	1942668	1983707.4	0	1942668
3	653630	495926.8	0	653630
4	119739	123981.7	0	119739
5	49734	30995.4	0	49734
6	30078	7748.9	0	30078
7	23344	1937.2	0	23344
8	21525	484.3	0	21525
9	22097	121.1	0	21750 347
10	20743	30.3	1	19956 787
11	22434	7.6	1	21778 656
12	19233	1.9	1	18715 518
13	17299	0.5	1	16842 457
14	15421	0.5	1	15029 392
15	15183	0.5	1	14831 352
16	14815	0.5	1	14492 323
17	14406	0.5	1	14064 342
18	12859	0.5	1	12547 312
19	11881	0.5	1	11570 311
20	11266	0.5	1	10990 276
21	10459	0.5	1	10216 243
22	11437	0.5	1	11179 258
23	9196	0.5	1	8925 271
24	9211	0.5	1	8975 236
25	8126	0.5	1	7856 270
26	7675	0.5	1	7495 180
27	6608	0.5	1	6421 187
28	6542	0.5	1	6364 178
29	5998	0.5	1	5815 183
30	5308	0.5	1	5162 146
31	4901	0.5	1	4774 127
32	4395	0.5	1	4262 133
33	4598	0.5	1	4454 144
34	4289	0.5	1	4147 142
35	4312	0.5	1	4134 178
36	3909	0.5	1	3809 100
37	3935	0.5	1	3807 128
38	2857	0.5	1	2761 96
39	3106	0.5	1	2991 115
40	2864	0.5	1	2759 105
41	2804	0.5	1	2712 92
42	2596	0.5	1	2498 98
43	2947	0.5	1	2826 121
44	1618	0.5	1	1552 66
45	1940	0.5	1	1875 65
46	1864	0.5	1	1790 74
47	1526	0.5	1	1447 79
48	1428	0.5	1	1357 71
49	1243	0.5	1	1184 59
50	1121	0.5	1	1050 71
51	1084	0.5	1	997 87
52	937	0.5	1	852 85
53	1490	0.5	1	1343 147
54	1072	0.5	1	995 77
55	1406	0.5	1	1240 166
56	930	0.5	1	884 46
57	1022	0.5	1	964 58
58	1019	0.5	1	949 70
59	4699	0.5	1	4519 180
60	1079	0.5	1	1033 46
61	1060	0.5	1	1019 41
62	703	0.5	1	617 86
63	232	0.5	1	211 21
64	609	0.5	1	576 33
65	294	0.5	1	256 38
66	141	0.5	1	122 19
67	119	0.5	1	101 18
68	63	0.5	1	42 21
69	46	0.5	1	35 11
70	40	0.5	1	17 23
71	139	0.5	1	123 16
72	42	0.5	1	20 22
73	152	0.5	1	111 41
74	97	0.5	1	40 57
75	195	0.5	1	24 171
76	1769	0.5	1	8 1761

RUN STATISTICS FOR INPUT FILE: SRR19243478/SRR19243478_1.fastq.gz
=============================================
31739318 sequences processed in total
The length threshold of paired-end sequences gets evaluated later on (in the validation step)

Writing report to 'SRR19243478_2.fastq.gz_trimming_report.txt'

SUMMARISING RUN PARAMETERS
==========================
Input filename: SRR19243478/SRR19243478_2.fastq.gz
Trimming mode: paired-end
Trim Galore version: 0.6.10
Cutadapt version: 4.5
Python version: could not detect
Number of cores used for trimming: 6
Quality Phred score cutoff: 20
Quality encoding type selected: ASCII+33
Adapter sequence: 'AGATCGGAAGAGC' (Illumina TruSeq, Sanger iPCR; user defined)
Maximum trimming error rate: 0.1 (default)
Minimum required adapter overlap (stringency): 1 bp
Minimum required sequence length for both reads before a sequence pair gets removed: 35 bp
Output file(s) will be GZIP compressed

Cutadapt seems to be fairly up-to-date (version 4.5). Setting -j -j 6
Writing final adapter and quality trimmed output to SRR19243478_2_trimmed.fq.gz


  >>> Now performing quality (cutoff '-q 20') and adapter trimming in a single pass for the adapter sequence: 'AGATCGGAAGAGC' from file SRR19243478/SRR19243478_2.fastq.gz <<< 
10000000 sequences processed
20000000 sequences processed
30000000 sequences processed
This is cutadapt 4.5 with Python 3.10.13
Command line parameters: -j 6 -e 0.1 -q 20 -O 1 -a AGATCGGAAGAGC SRR19243478/SRR19243478_2.fastq.gz
Processing single-end reads on 6 cores ...
Finished in 137.057 s (4.318 µs/read; 13.89 M reads/minute).

=== Summary ===

Total reads processed:              31,739,318
Reads with adapters:                10,663,515 (33.6%)
Reads written (passing filters):    31,739,318 (100.0%)

Total basepairs processed: 2,412,188,168 bp
Quality-trimmed:              10,184,646 bp (0.4%)
Total written (filtered):  2,378,550,059 bp (98.6%)

=== Adapter 1 ===

Sequence: AGATCGGAAGAGC; Type: regular 3'; Length: 13; Trimmed: 10663515 times

Minimum overlap: 1
No. of allowed errors:
1-9 bp: 0; 10-13 bp: 1

Bases preceding removed adapters:
  A: 32.8%
  C: 26.8%
  G: 24.7%
  T: 15.6%
  none/other: 0.0%

Overview of removed sequences
length	count	expect	max.err	error counts
1	7034051	7934829.5	0	7034051
2	2347153	1983707.4	0	2347153
3	659499	495926.8	0	659499
4	134533	123981.7	0	134533
5	52195	30995.4	0	52195
6	28084	7748.9	0	28084
7	23544	1937.2	0	23544
8	21406	484.3	0	21406
9	22146	121.1	0	21754 392
10	20959	30.3	1	19983 976
11	22487	7.6	1	21790 697
12	19375	1.9	1	18816 559
13	17070	0.5	1	16598 472
14	16447	0.5	1	15987 460
15	14272	0.5	1	13932 340
16	14760	0.5	1	14427 333
17	15272	0.5	1	14870 402
18	11938	0.5	1	11655 283
19	12469	0.5	1	12093 376
20	10633	0.5	1	10359 274
21	10301	0.5	1	10056 245
22	11424	0.5	1	11159 265
23	9497	0.5	1	9152 345
24	9373	0.5	1	9082 291
25	8122	0.5	1	7861 261
26	7785	0.5	1	7566 219
27	6829	0.5	1	6551 278
28	6579	0.5	1	6390 189
29	5929	0.5	1	5733 196
30	5823	0.5	1	5619 204
31	4609	0.5	1	4495 114
32	4580	0.5	1	4444 136
33	4598	0.5	1	4457 141
34	4278	0.5	1	4123 155
35	4793	0.5	1	4625 168
36	4150	0.5	1	4003 147
37	3789	0.5	1	3688 101
38	3080	0.5	1	2957 123
39	3133	0.5	1	3010 123
40	2822	0.5	1	2716 106
41	2895	0.5	1	2794 101
42	2709	0.5	1	2627 82
43	2398	0.5	1	2318 80
44	2141	0.5	1	2041 100
45	2195	0.5	1	2102 93
46	2153	0.5	1	2034 119
47	1689	0.5	1	1576 113
48	1555	0.5	1	1476 79
49	1385	0.5	1	1299 86
50	1270	0.5	1	1187 83
51	1198	0.5	1	1131 67
52	1079	0.5	1	995 84
53	1640	0.5	1	1482 158
54	1469	0.5	1	1352 117
55	1299	0.5	1	1214 85
56	1041	0.5	1	971 70
57	1192	0.5	1	1082 110
58	919	0.5	1	846 73
59	6191	0.5	1	6087 104
60	1231	0.5	1	1178 53
61	1201	0.5	1	1149 52
62	782	0.5	1	696 86
63	275	0.5	1	215 60
64	643	0.5	1	541 102
65	295	0.5	1	198 97
66	145	0.5	1	116 29
67	127	0.5	1	88 39
68	66	0.5	1	38 28
69	47	0.5	1	20 27
70	31	0.5	1	11 20
71	135	0.5	1	25 110
72	37	0.5	1	11 26
73	174	0.5	1	49 125
74	79	0.5	1	18 61
75	30	0.5	1	2 28
76	2012	0.5	1	1 2011

RUN STATISTICS FOR INPUT FILE: SRR19243478/SRR19243478_2.fastq.gz
=============================================
31739318 sequences processed in total
The length threshold of paired-end sequences gets evaluated later on (in the validation step)

Validate paired-end files SRR19243478_1_trimmed.fq.gz and SRR19243478_2_trimmed.fq.gz
file_1: SRR19243478_1_trimmed.fq.gz, file_2: SRR19243478_2_trimmed.fq.gz


>>>>> Now validing the length of the 2 paired-end infiles: SRR19243478_1_trimmed.fq.gz and SRR19243478_2_trimmed.fq.gz <<<<<
Writing validated paired-end Read 1 reads to SRR19243478_1_val_1.fq.gz
Writing validated paired-end Read 2 reads to SRR19243478_2_val_2.fq.gz

Total number of sequences analysed: 31739318

Number of sequence pairs removed because at least one read was shorter than the length cutoff (35 bp): 134360 (0.42%)

Deleting both intermediate output files SRR19243478_1_trimmed.fq.gz and SRR19243478_2_trimmed.fq.gz

====================================================================================================

Path to Cutadapt set as: 'cutadapt' (default)
Cutadapt seems to be working fine (tested command 'cutadapt --version')
Cutadapt version: 4.5
Could not detect version of Python used by Cutadapt from the first line of Cutadapt (but found this: >>>#!/bin/sh<<<)
Letting the (modified) Cutadapt deal with the Python version instead
pigz 2.8
Parallel gzip (pigz) detected. Proceeding with multicore (de)compression using 6 cores

igzip command line interface 2.30.0
igzip detected. Using igzip for decompressing

No quality encoding type selected. Assuming that the data provided uses Sanger encoded Phred scores (default)

Writing report to 'SRR19243479_1.fastq.gz_trimming_report.txt'

SUMMARISING RUN PARAMETERS
==========================
Input filename: SRR19243479/SRR19243479_1.fastq.gz
Trimming mode: paired-end
Trim Galore version: 0.6.10
Cutadapt version: 4.5
Python version: could not detect
Number of cores used for trimming: 6
Quality Phred score cutoff: 20
Quality encoding type selected: ASCII+33
Adapter sequence: 'AGATCGGAAGAGC' (Illumina TruSeq, Sanger iPCR; user defined)
Maximum trimming error rate: 0.1 (default)
Minimum required adapter overlap (stringency): 1 bp
Minimum required sequence length for both reads before a sequence pair gets removed: 35 bp
Output file(s) will be GZIP compressed

Cutadapt seems to be fairly up-to-date (version 4.5). Setting -j 6
Writing final adapter and quality trimmed output to SRR19243479_1_trimmed.fq.gz


  >>> Now performing quality (cutoff '-q 20') and adapter trimming in a single pass for the adapter sequence: 'AGATCGGAAGAGC' from file SRR19243479/SRR19243479_1.fastq.gz <<< 
10000000 sequences processed
20000000 sequences processed
This is cutadapt 4.5 with Python 3.10.13
Command line parameters: -j 6 -e 0.1 -q 20 -O 1 -a AGATCGGAAGAGC SRR19243479/SRR19243479_1.fastq.gz
Processing single-end reads on 6 cores ...
Finished in 93.174 s (4.002 µs/read; 14.99 M reads/minute).

=== Summary ===

Total reads processed:              23,279,966
Reads with adapters:                 6,873,823 (29.5%)
Reads written (passing filters):    23,279,966 (100.0%)

Total basepairs processed: 1,769,277,416 bp
Quality-trimmed:               1,981,929 bp (0.1%)
Total written (filtered):  1,746,515,793 bp (98.7%)

=== Adapter 1 ===

Sequence: AGATCGGAAGAGC; Type: regular 3'; Length: 13; Trimmed: 6873823 times

Minimum overlap: 1
No. of allowed errors:
1-9 bp: 0; 10-13 bp: 1

Bases preceding removed adapters:
  A: 26.4%
  C: 30.4%
  G: 30.4%
  T: 12.7%
  none/other: 0.0%

Overview of removed sequences
length	count	expect	max.err	error counts
1	4202579	5819991.5	0	4202579
2	1414593	1454997.9	0	1414593
3	527514	363749.5	0	527514
4	96368	90937.4	0	96368
5	51292	22734.3	0	51292
6	39937	5683.6	0	39937
7	31426	1420.9	0	31426
8	30767	355.2	0	30767
9	29158	88.8	0	28936 222
10	28072	22.2	1	27150 922
11	26758	5.6	1	25987 771
12	24911	1.4	1	24229 682
13	23021	0.3	1	22345 676
14	21786	0.3	1	21195 591
15	20664	0.3	1	20070 594
16	19696	0.3	1	19166 530
17	19466	0.3	1	18981 485
18	17789	0.3	1	17327 462
19	16173	0.3	1	15744 429
20	15205	0.3	1	14798 407
21	14452	0.3	1	14078 374
22	14829	0.3	1	14463 366
23	13508	0.3	1	13108 400
24	13170	0.3	1	12816 354
25	11518	0.3	1	11148 370
26	10710	0.3	1	10421 289
27	9783	0.3	1	9499 284
28	9614	0.3	1	9326 288
29	8431	0.3	1	8180 251
30	7533	0.3	1	7306 227
31	7008	0.3	1	6824 184
32	6207	0.3	1	6030 177
33	6494	0.3	1	6321 173
34	5784	0.3	1	5617 167
35	5993	0.3	1	5781 212
36	5775	0.3	1	5621 154
37	4862	0.3	1	4709 153
38	4390	0.3	1	4272 118
39	4074	0.3	1	3927 147
40	4034	0.3	1	3920 114
41	4438	0.3	1	4311 127
42	3755	0.3	1	3627 128
43	4601	0.3	1	4422 179
44	2529	0.3	1	2455 74
45	3142	0.3	1	3025 117
46	3014	0.3	1	2912 102
47	2551	0.3	1	2431 120
48	2244	0.3	1	2152 92
49	1987	0.3	1	1913 74
50	1862	0.3	1	1795 67
51	1676	0.3	1	1602 74
52	1289	0.3	1	1214 75
53	1496	0.3	1	1413 83
54	1265	0.3	1	1181 84
55	1264	0.3	1	1170 94
56	851	0.3	1	812 39
57	911	0.3	1	852 59
58	756	0.3	1	686 70
59	2071	0.3	1	1998 73
60	881	0.3	1	862 19
61	675	0.3	1	631 44
62	531	0.3	1	481 50
63	222	0.3	1	209 13
64	381	0.3	1	360 21
65	283	0.3	1	258 25
66	119	0.3	1	113 6
67	78	0.3	1	58 20
68	40	0.3	1	28 12
69	16	0.3	1	7 9
70	25	0.3	1	17 8
71	81	0.3	1	66 15
72	21	0.3	1	3 18
73	107	0.3	1	68 39
74	79	0.3	1	21 58
75	271	0.3	1	21 250
76	2967	0.3	1	16 2951

RUN STATISTICS FOR INPUT FILE: SRR19243479/SRR19243479_1.fastq.gz
=============================================
23279966 sequences processed in total
The length threshold of paired-end sequences gets evaluated later on (in the validation step)

Writing report to 'SRR19243479_2.fastq.gz_trimming_report.txt'

SUMMARISING RUN PARAMETERS
==========================
Input filename: SRR19243479/SRR19243479_2.fastq.gz
Trimming mode: paired-end
Trim Galore version: 0.6.10
Cutadapt version: 4.5
Python version: could not detect
Number of cores used for trimming: 6
Quality Phred score cutoff: 20
Quality encoding type selected: ASCII+33
Adapter sequence: 'AGATCGGAAGAGC' (Illumina TruSeq, Sanger iPCR; user defined)
Maximum trimming error rate: 0.1 (default)
Minimum required adapter overlap (stringency): 1 bp
Minimum required sequence length for both reads before a sequence pair gets removed: 35 bp
Output file(s) will be GZIP compressed

Cutadapt seems to be fairly up-to-date (version 4.5). Setting -j -j 6
Writing final adapter and quality trimmed output to SRR19243479_2_trimmed.fq.gz


  >>> Now performing quality (cutoff '-q 20') and adapter trimming in a single pass for the adapter sequence: 'AGATCGGAAGAGC' from file SRR19243479/SRR19243479_2.fastq.gz <<< 
10000000 sequences processed
20000000 sequences processed
This is cutadapt 4.5 with Python 3.10.13
Command line parameters: -j 6 -e 0.1 -q 20 -O 1 -a AGATCGGAAGAGC SRR19243479/SRR19243479_2.fastq.gz
Processing single-end reads on 6 cores ...
Finished in 95.483 s (4.101 µs/read; 14.63 M reads/minute).

=== Summary ===

Total reads processed:              23,279,966
Reads with adapters:                 7,426,876 (31.9%)
Reads written (passing filters):    23,279,966 (100.0%)

Total basepairs processed: 1,769,277,416 bp
Quality-trimmed:               6,173,982 bp (0.3%)
Total written (filtered):  1,741,361,632 bp (98.4%)

=== Adapter 1 ===

Sequence: AGATCGGAAGAGC; Type: regular 3'; Length: 13; Trimmed: 7426876 times

Minimum overlap: 1
No. of allowed errors:
1-9 bp: 0; 10-13 bp: 1

Bases preceding removed adapters:
  A: 30.2%
  C: 28.0%
  G: 29.2%
  T: 12.6%
  none/other: 0.1%

Overview of removed sequences
length	count	expect	max.err	error counts
1	4587879	5819991.5	0	4587879
2	1613050	1454997.9	0	1613050
3	480032	363749.5	0	480032
4	108826	90937.4	0	108826
5	52681	22734.3	0	52681
6	37701	5683.6	0	37701
7	31357	1420.9	0	31357
8	30528	355.2	0	30528
9	29197	88.8	0	28930 267
10	28049	22.2	1	26923 1126
11	26706	5.6	1	25821 885
12	25048	1.4	1	24306 742
13	22583	0.3	1	22019 564
14	22966	0.3	1	22238 728
15	19553	0.3	1	19083 470
16	19698	0.3	1	19135 563
17	20439	0.3	1	19847 592
18	16163	0.3	1	15781 382
19	16950	0.3	1	16443 507
20	14574	0.3	1	14219 355
21	14298	0.3	1	13944 354
22	14765	0.3	1	14396 369
23	13792	0.3	1	13360 432
24	13770	0.3	1	13228 542
25	11114	0.3	1	10775 339
26	10857	0.3	1	10546 311
27	10003	0.3	1	9666 337
28	9559	0.3	1	9277 282
29	8401	0.3	1	8162 239
30	7872	0.3	1	7619 253
31	6736	0.3	1	6539 197
32	6346	0.3	1	6113 233
33	6613	0.3	1	6388 225
34	5908	0.3	1	5698 210
35	6224	0.3	1	6000 224
36	5801	0.3	1	5643 158
37	5023	0.3	1	4848 175
38	4414	0.3	1	4297 117
39	4219	0.3	1	4052 167
40	4117	0.3	1	3974 143
41	4412	0.3	1	4229 183
42	4205	0.3	1	4027 178
43	3749	0.3	1	3632 117
44	3424	0.3	1	3289 135
45	3534	0.3	1	3404 130
46	3347	0.3	1	3243 104
47	2819	0.3	1	2702 117
48	2374	0.3	1	2282 92
49	2106	0.3	1	2029 77
50	2007	0.3	1	1923 84
51	1795	0.3	1	1724 71
52	1382	0.3	1	1306 76
53	1666	0.3	1	1575 91
54	1648	0.3	1	1568 80
55	1330	0.3	1	1277 53
56	1046	0.3	1	976 70
57	1164	0.3	1	1103 61
58	946	0.3	1	883 63
59	2842	0.3	1	2784 58
60	1056	0.3	1	1015 41
61	745	0.3	1	703 42
62	595	0.3	1	557 38
63	260	0.3	1	211 49
64	383	0.3	1	338 45
65	276	0.3	1	240 36
66	126	0.3	1	109 17
67	88	0.3	1	52 36
68	49	0.3	1	29 20
69	13	0.3	1	6 7
70	23	0.3	1	6 17
71	73	0.3	1	13 60
72	15	0.3	1	2 13
73	113	0.3	1	44 69
74	39	0.3	1	8 31
75	21	0.3	1	1 20
76	3393	0.3	1	2 3391

RUN STATISTICS FOR INPUT FILE: SRR19243479/SRR19243479_2.fastq.gz
=============================================
23279966 sequences processed in total
The length threshold of paired-end sequences gets evaluated later on (in the validation step)

Validate paired-end files SRR19243479_1_trimmed.fq.gz and SRR19243479_2_trimmed.fq.gz
file_1: SRR19243479_1_trimmed.fq.gz, file_2: SRR19243479_2_trimmed.fq.gz


>>>>> Now validing the length of the 2 paired-end infiles: SRR19243479_1_trimmed.fq.gz and SRR19243479_2_trimmed.fq.gz <<<<<
Writing validated paired-end Read 1 reads to SRR19243479_1_val_1.fq.gz
Writing validated paired-end Read 2 reads to SRR19243479_2_val_2.fq.gz

Total number of sequences analysed: 23279966

Number of sequence pairs removed because at least one read was shorter than the length cutoff (35 bp): 106288 (0.46%)

Deleting both intermediate output files SRR19243479_1_trimmed.fq.gz and SRR19243479_2_trimmed.fq.gz

====================================================================================================

Path to Cutadapt set as: 'cutadapt' (default)
Cutadapt seems to be working fine (tested command 'cutadapt --version')
Cutadapt version: 4.5
Could not detect version of Python used by Cutadapt from the first line of Cutadapt (but found this: >>>#!/bin/sh<<<)
Letting the (modified) Cutadapt deal with the Python version instead
pigz 2.8
Parallel gzip (pigz) detected. Proceeding with multicore (de)compression using 6 cores

igzip command line interface 2.30.0
igzip detected. Using igzip for decompressing

No quality encoding type selected. Assuming that the data provided uses Sanger encoded Phred scores (default)

Writing report to 'SRR19243480_1.fastq.gz_trimming_report.txt'

SUMMARISING RUN PARAMETERS
==========================
Input filename: SRR19243480/SRR19243480_1.fastq.gz
Trimming mode: paired-end
Trim Galore version: 0.6.10
Cutadapt version: 4.5
Python version: could not detect
Number of cores used for trimming: 6
Quality Phred score cutoff: 20
Quality encoding type selected: ASCII+33
Adapter sequence: 'AGATCGGAAGAGC' (Illumina TruSeq, Sanger iPCR; user defined)
Maximum trimming error rate: 0.1 (default)
Minimum required adapter overlap (stringency): 1 bp
Minimum required sequence length for both reads before a sequence pair gets removed: 35 bp
Output file(s) will be GZIP compressed

Cutadapt seems to be fairly up-to-date (version 4.5). Setting -j 6
Writing final adapter and quality trimmed output to SRR19243480_1_trimmed.fq.gz


  >>> Now performing quality (cutoff '-q 20') and adapter trimming in a single pass for the adapter sequence: 'AGATCGGAAGAGC' from file SRR19243480/SRR19243480_1.fastq.gz <<< 
10000000 sequences processed
20000000 sequences processed
This is cutadapt 4.5 with Python 3.10.13
Command line parameters: -j 6 -e 0.1 -q 20 -O 1 -a AGATCGGAAGAGC SRR19243480/SRR19243480_1.fastq.gz
Processing single-end reads on 6 cores ...
Finished in 132.033 s (4.629 µs/read; 12.96 M reads/minute).

=== Summary ===

Total reads processed:              28,523,245
Reads with adapters:                 9,516,831 (33.4%)
Reads written (passing filters):    28,523,245 (100.0%)

Total basepairs processed: 2,167,766,620 bp
Quality-trimmed:               1,477,120 bp (0.1%)
Total written (filtered):  2,148,996,459 bp (99.1%)

=== Adapter 1 ===

Sequence: AGATCGGAAGAGC; Type: regular 3'; Length: 13; Trimmed: 9516831 times

Minimum overlap: 1
No. of allowed errors:
1-9 bp: 0; 10-13 bp: 1

Bases preceding removed adapters:
  A: 30.0%
  C: 31.7%
  G: 21.5%
  T: 16.8%
  none/other: 0.0%

Overview of removed sequences
length	count	expect	max.err	error counts
1	6604090	7130811.2	0	6604090
2	1972163	1782702.8	0	1972163
3	556533	445675.7	0	556533
4	117725	111418.9	0	117725
5	37673	27854.7	0	37673
6	18039	6963.7	0	18039
7	13654	1740.9	0	13654
8	12653	435.2	0	12653
9	12605	108.8	0	12236 369
10	11910	27.2	1	11245 665
11	10634	6.8	1	10184 450
12	10121	1.7	1	9857 264
13	9374	0.4	1	9138 236
14	8515	0.4	1	8311 204
15	8235	0.4	1	8064 171
16	7646	0.4	1	7456 190
17	7131	0.4	1	6938 193
18	6537	0.4	1	6370 167
19	6404	0.4	1	6236 168
20	5833	0.4	1	5689 144
21	5601	0.4	1	5447 154
22	5883	0.4	1	5759 124
23	4633	0.4	1	4519 114
24	4847	0.4	1	4692 155
25	4183	0.4	1	4052 131
26	3823	0.4	1	3687 136
27	3518	0.4	1	3398 120
28	3326	0.4	1	3239 87
29	2997	0.4	1	2926 71
30	2685	0.4	1	2583 102
31	2668	0.4	1	2590 78
32	2371	0.4	1	2280 91
33	2267	0.4	1	2181 86
34	2170	0.4	1	2098 72
35	2072	0.4	1	1990 82
36	1897	0.4	1	1823 74
37	1779	0.4	1	1716 63
38	1495	0.4	1	1436 59
39	1424	0.4	1	1365 59
40	1269	0.4	1	1225 44
41	1286	0.4	1	1239 47
42	1217	0.4	1	1155 62
43	1467	0.4	1	1401 66
44	683	0.4	1	652 31
45	913	0.4	1	887 26
46	913	0.4	1	877 36
47	699	0.4	1	663 36
48	660	0.4	1	630 30
49	611	0.4	1	581 30
50	543	0.4	1	497 46
51	563	0.4	1	518 45
52	455	0.4	1	425 30
53	776	0.4	1	729 47
54	531	0.4	1	475 56
55	647	0.4	1	577 70
56	443	0.4	1	408 35
57	643	0.4	1	594 49
58	496	0.4	1	441 55
59	1179	0.4	1	1108 71
60	569	0.4	1	541 28
61	473	0.4	1	433 40
62	422	0.4	1	380 42
63	162	0.4	1	142 20
64	255	0.4	1	229 26
65	178	0.4	1	154 24
66	101	0.4	1	75 26
67	90	0.4	1	65 25
68	45	0.4	1	31 14
69	45	0.4	1	29 16
70	30	0.4	1	9 21
71	70	0.4	1	50 20
72	31	0.4	1	16 15
73	126	0.4	1	92 34
74	69	0.4	1	36 33
75	82	0.4	1	25 57
76	975	0.4	1	5 970

RUN STATISTICS FOR INPUT FILE: SRR19243480/SRR19243480_1.fastq.gz
=============================================
28523245 sequences processed in total
The length threshold of paired-end sequences gets evaluated later on (in the validation step)

Writing report to 'SRR19243480_2.fastq.gz_trimming_report.txt'

SUMMARISING RUN PARAMETERS
==========================
Input filename: SRR19243480/SRR19243480_2.fastq.gz
Trimming mode: paired-end
Trim Galore version: 0.6.10
Cutadapt version: 4.5
Python version: could not detect
Number of cores used for trimming: 6
Quality Phred score cutoff: 20
Quality encoding type selected: ASCII+33
Adapter sequence: 'AGATCGGAAGAGC' (Illumina TruSeq, Sanger iPCR; user defined)
Maximum trimming error rate: 0.1 (default)
Minimum required adapter overlap (stringency): 1 bp
Minimum required sequence length for both reads before a sequence pair gets removed: 35 bp
Output file(s) will be GZIP compressed

Cutadapt seems to be fairly up-to-date (version 4.5). Setting -j -j 6
Writing final adapter and quality trimmed output to SRR19243480_2_trimmed.fq.gz


  >>> Now performing quality (cutoff '-q 20') and adapter trimming in a single pass for the adapter sequence: 'AGATCGGAAGAGC' from file SRR19243480/SRR19243480_2.fastq.gz <<< 
10000000 sequences processed
20000000 sequences processed
This is cutadapt 4.5 with Python 3.10.13
Command line parameters: -j 6 -e 0.1 -q 20 -O 1 -a AGATCGGAAGAGC SRR19243480/SRR19243480_2.fastq.gz
Processing single-end reads on 6 cores ...
Finished in 137.783 s (4.831 µs/read; 12.42 M reads/minute).

=== Summary ===

Total reads processed:              28,523,245
Reads with adapters:                 9,895,448 (34.7%)
Reads written (passing filters):    28,523,245 (100.0%)

Total basepairs processed: 2,167,766,620 bp
Quality-trimmed:               6,773,868 bp (0.3%)
Total written (filtered):  2,142,758,231 bp (98.8%)

=== Adapter 1 ===

Sequence: AGATCGGAAGAGC; Type: regular 3'; Length: 13; Trimmed: 9895448 times

Minimum overlap: 1
No. of allowed errors:
1-9 bp: 0; 10-13 bp: 1

Bases preceding removed adapters:
  A: 31.8%
  C: 28.5%
  G: 22.5%
  T: 17.2%
  none/other: 0.0%

Overview of removed sequences
length	count	expect	max.err	error counts
1	6721909	7130811.2	0	6721909
2	2127955	1782702.8	0	2127955
3	632580	445675.7	0	632580
4	139787	111418.9	0	139787
5	40165	27854.7	0	40165
6	17809	6963.7	0	17809
7	13682	1740.9	0	13682
8	12688	435.2	0	12688
9	12657	108.8	0	12194 463
10	12213	27.2	1	11228 985
11	10785	6.8	1	10199 586
12	10224	1.7	1	9889 335
13	9324	0.4	1	9069 255
14	8894	0.4	1	8607 287
15	7963	0.4	1	7748 215
16	7641	0.4	1	7451 190
17	7447	0.4	1	7232 215
18	6257	0.4	1	6100 157
19	6580	0.4	1	6377 203
20	5752	0.4	1	5587 165
21	5542	0.4	1	5384 158
22	5931	0.4	1	5782 149
23	4741	0.4	1	4578 163
24	4963	0.4	1	4775 188
25	4179	0.4	1	4047 132
26	3909	0.4	1	3786 123
27	3643	0.4	1	3510 133
28	3421	0.4	1	3282 139
29	3019	0.4	1	2929 90
30	2865	0.4	1	2740 125
31	2607	0.4	1	2524 83
32	2448	0.4	1	2346 102
33	2346	0.4	1	2225 121
34	2166	0.4	1	2091 75
35	2256	0.4	1	2171 85
36	2009	0.4	1	1907 102
37	1822	0.4	1	1741 81
38	1594	0.4	1	1509 85
39	1453	0.4	1	1392 61
40	1307	0.4	1	1254 53
41	1293	0.4	1	1234 59
42	1277	0.4	1	1207 70
43	1123	0.4	1	1071 52
44	1044	0.4	1	980 64
45	1068	0.4	1	1014 54
46	1127	0.4	1	1038 89
47	817	0.4	1	734 83
48	752	0.4	1	685 67
49	680	0.4	1	623 57
50	641	0.4	1	584 57
51	647	0.4	1	592 55
52	533	0.4	1	458 75
53	848	0.4	1	771 77
54	765	0.4	1	677 88
55	578	0.4	1	518 60
56	583	0.4	1	504 79
57	821	0.4	1	743 78
58	634	0.4	1	560 74
59	1659	0.4	1	1590 69
60	649	0.4	1	617 32
61	488	0.4	1	453 35
62	482	0.4	1	438 44
63	196	0.4	1	150 46
64	267	0.4	1	221 46
65	174	0.4	1	143 31
66	97	0.4	1	76 21
67	103	0.4	1	57 46
68	51	0.4	1	26 25
69	44	0.4	1	22 22
70	18	0.4	1	6 12
71	61	0.4	1	22 39
72	24	0.4	1	8 16
73	143	0.4	1	50 93
74	65	0.4	1	23 42
75	28	0.4	1	3 25
76	1135	0.4	1	2 1133

RUN STATISTICS FOR INPUT FILE: SRR19243480/SRR19243480_2.fastq.gz
=============================================
28523245 sequences processed in total
The length threshold of paired-end sequences gets evaluated later on (in the validation step)

Validate paired-end files SRR19243480_1_trimmed.fq.gz and SRR19243480_2_trimmed.fq.gz
file_1: SRR19243480_1_trimmed.fq.gz, file_2: SRR19243480_2_trimmed.fq.gz


>>>>> Now validing the length of the 2 paired-end infiles: SRR19243480_1_trimmed.fq.gz and SRR19243480_2_trimmed.fq.gz <<<<<
Writing validated paired-end Read 1 reads to SRR19243480_1_val_1.fq.gz
Writing validated paired-end Read 2 reads to SRR19243480_2_val_2.fq.gz

Total number of sequences analysed: 28523245

Number of sequence pairs removed because at least one read was shorter than the length cutoff (35 bp): 73649 (0.26%)

Deleting both intermediate output files SRR19243480_1_trimmed.fq.gz and SRR19243480_2_trimmed.fq.gz

====================================================================================================

Path to Cutadapt set as: 'cutadapt' (default)
Cutadapt seems to be working fine (tested command 'cutadapt --version')
Cutadapt version: 4.5
Could not detect version of Python used by Cutadapt from the first line of Cutadapt (but found this: >>>#!/bin/sh<<<)
Letting the (modified) Cutadapt deal with the Python version instead
pigz 2.8
Parallel gzip (pigz) detected. Proceeding with multicore (de)compression using 6 cores

igzip command line interface 2.30.0
igzip detected. Using igzip for decompressing

No quality encoding type selected. Assuming that the data provided uses Sanger encoded Phred scores (default)

Writing report to 'SRR19243481_1.fastq.gz_trimming_report.txt'

SUMMARISING RUN PARAMETERS
==========================
Input filename: SRR19243481/SRR19243481_1.fastq.gz
Trimming mode: paired-end
Trim Galore version: 0.6.10
Cutadapt version: 4.5
Python version: could not detect
Number of cores used for trimming: 6
Quality Phred score cutoff: 20
Quality encoding type selected: ASCII+33
Adapter sequence: 'AGATCGGAAGAGC' (Illumina TruSeq, Sanger iPCR; user defined)
Maximum trimming error rate: 0.1 (default)
Minimum required adapter overlap (stringency): 1 bp
Minimum required sequence length for both reads before a sequence pair gets removed: 35 bp
Output file(s) will be GZIP compressed

Cutadapt seems to be fairly up-to-date (version 4.5). Setting -j 6
Writing final adapter and quality trimmed output to SRR19243481_1_trimmed.fq.gz


  >>> Now performing quality (cutoff '-q 20') and adapter trimming in a single pass for the adapter sequence: 'AGATCGGAAGAGC' from file SRR19243481/SRR19243481_1.fastq.gz <<< 
10000000 sequences processed
20000000 sequences processed
This is cutadapt 4.5 with Python 3.10.13
Command line parameters: -j 6 -e 0.1 -q 20 -O 1 -a AGATCGGAAGAGC SRR19243481/SRR19243481_1.fastq.gz
Processing single-end reads on 6 cores ...
Finished in 127.928 s (4.430 µs/read; 13.54 M reads/minute).

=== Summary ===

Total reads processed:              28,875,291
Reads with adapters:                 9,442,524 (32.7%)
Reads written (passing filters):    28,875,291 (100.0%)

Total basepairs processed: 2,194,522,116 bp
Quality-trimmed:               1,867,355 bp (0.1%)
Total written (filtered):  2,172,941,644 bp (99.0%)

=== Adapter 1 ===

Sequence: AGATCGGAAGAGC; Type: regular 3'; Length: 13; Trimmed: 9442524 times

Minimum overlap: 1
No. of allowed errors:
1-9 bp: 0; 10-13 bp: 1

Bases preceding removed adapters:
  A: 29.6%
  C: 30.2%
  G: 23.8%
  T: 16.5%
  none/other: 0.0%

Overview of removed sequences
length	count	expect	max.err	error counts
1	6353869	7218822.8	0	6353869
2	1913755	1804705.7	0	1913755
3	629737	451176.4	0	629737
4	123095	112794.1	0	123095
5	48912	28198.5	0	48912
6	28226	7049.6	0	28226
7	22064	1762.4	0	22064
8	21284	440.6	0	21284
9	20738	110.2	0	20367 371
10	19357	27.5	1	18674 683
11	18608	6.9	1	18028 580
12	17094	1.7	1	16659 435
13	15764	0.4	1	15346 418
14	14481	0.4	1	14132 349
15	14142	0.4	1	13788 354
16	13418	0.4	1	13084 334
17	12554	0.4	1	12259 295
18	12084	0.4	1	11821 263
19	10093	0.4	1	9854 239
20	10121	0.4	1	9888 233
21	8897	0.4	1	8663 234
22	9448	0.4	1	9224 224
23	8386	0.4	1	8162 224
24	8130	0.4	1	7912 218
25	7319	0.4	1	7118 201
26	6488	0.4	1	6309 179
27	5827	0.4	1	5662 165
28	5492	0.4	1	5318 174
29	4880	0.4	1	4756 124
30	4379	0.4	1	4255 124
31	4039	0.4	1	3942 97
32	3707	0.4	1	3613 94
33	3707	0.4	1	3619 88
34	3323	0.4	1	3236 87
35	3307	0.4	1	3186 121
36	3148	0.4	1	3052 96
37	2707	0.4	1	2620 87
38	2507	0.4	1	2428 79
39	2180	0.4	1	2104 76
40	2273	0.4	1	2196 77
41	2185	0.4	1	2115 70
42	1937	0.4	1	1858 79
43	2640	0.4	1	2548 92
44	1040	0.4	1	995 45
45	1247	0.4	1	1195 52
46	1267	0.4	1	1222 45
47	1081	0.4	1	1033 48
48	943	0.4	1	903 40
49	786	0.4	1	746 40
50	755	0.4	1	713 42
51	734	0.4	1	689 45
52	524	0.4	1	497 27
53	671	0.4	1	597 74
54	631	0.4	1	569 62
55	619	0.4	1	562 57
56	431	0.4	1	401 30
57	480	0.4	1	436 44
58	410	0.4	1	366 44
59	1011	0.4	1	893 118
60	416	0.4	1	385 31
61	434	0.4	1	401 33
62	290	0.4	1	231 59
63	134	0.4	1	114 20
64	272	0.4	1	251 21
65	293	0.4	1	262 31
66	98	0.4	1	85 13
67	93	0.4	1	63 30
68	31	0.4	1	27 4
69	45	0.4	1	35 10
70	17	0.4	1	7 10
71	117	0.4	1	99 18
72	27	0.4	1	17 10
73	137	0.4	1	91 46
74	78	0.4	1	42 36
75	86	0.4	1	19 67
76	1024	0.4	1	9 1015

RUN STATISTICS FOR INPUT FILE: SRR19243481/SRR19243481_1.fastq.gz
=============================================
28875291 sequences processed in total
The length threshold of paired-end sequences gets evaluated later on (in the validation step)

Writing report to 'SRR19243481_2.fastq.gz_trimming_report.txt'

SUMMARISING RUN PARAMETERS
==========================
Input filename: SRR19243481/SRR19243481_2.fastq.gz
Trimming mode: paired-end
Trim Galore version: 0.6.10
Cutadapt version: 4.5
Python version: could not detect
Number of cores used for trimming: 6
Quality Phred score cutoff: 20
Quality encoding type selected: ASCII+33
Adapter sequence: 'AGATCGGAAGAGC' (Illumina TruSeq, Sanger iPCR; user defined)
Maximum trimming error rate: 0.1 (default)
Minimum required adapter overlap (stringency): 1 bp
Minimum required sequence length for both reads before a sequence pair gets removed: 35 bp
Output file(s) will be GZIP compressed

Cutadapt seems to be fairly up-to-date (version 4.5). Setting -j -j 6
Writing final adapter and quality trimmed output to SRR19243481_2_trimmed.fq.gz


  >>> Now performing quality (cutoff '-q 20') and adapter trimming in a single pass for the adapter sequence: 'AGATCGGAAGAGC' from file SRR19243481/SRR19243481_2.fastq.gz <<< 
10000000 sequences processed
20000000 sequences processed
This is cutadapt 4.5 with Python 3.10.13
Command line parameters: -j 6 -e 0.1 -q 20 -O 1 -a AGATCGGAAGAGC SRR19243481/SRR19243481_2.fastq.gz
Processing single-end reads on 6 cores ...
Finished in 130.219 s (4.510 µs/read; 13.30 M reads/minute).

=== Summary ===

Total reads processed:              28,875,291
Reads with adapters:                 9,823,598 (34.0%)
Reads written (passing filters):    28,875,291 (100.0%)

Total basepairs processed: 2,194,522,116 bp
Quality-trimmed:               6,367,788 bp (0.3%)
Total written (filtered):  2,167,659,175 bp (98.8%)

=== Adapter 1 ===

Sequence: AGATCGGAAGAGC; Type: regular 3'; Length: 13; Trimmed: 9823598 times

Minimum overlap: 1
No. of allowed errors:
1-9 bp: 0; 10-13 bp: 1

Bases preceding removed adapters:
  A: 30.6%
  C: 28.6%
  G: 24.0%
  T: 16.8%
  none/other: 0.0%

Overview of removed sequences
length	count	expect	max.err	error counts
1	6484640	7218822.8	0	6484640
2	2149474	1804705.7	0	2149474
3	630977	451176.4	0	630977
4	135934	112794.1	0	135934
5	48001	28198.5	0	48001
6	26844	7049.6	0	26844
7	22242	1762.4	0	22242
8	21156	440.6	0	21156
9	20434	110.2	0	20046 388
10	19886	27.5	1	18896 990
11	18380	6.9	1	17764 616
12	17267	1.7	1	16870 397
13	15633	0.4	1	15248 385
14	14934	0.4	1	14563 371
15	13744	0.4	1	13431 313
16	13263	0.4	1	12987 276
17	12733	0.4	1	12433 300
18	11441	0.4	1	11227 214
19	10367	0.4	1	10135 232
20	10138	0.4	1	9897 241
21	8969	0.4	1	8741 228
22	9584	0.4	1	9397 187
23	8467	0.4	1	8228 239
24	8307	0.4	1	8063 244
25	7116	0.4	1	6945 171
26	6573	0.4	1	6412 161
27	5998	0.4	1	5824 174
28	5492	0.4	1	5345 147
29	4879	0.4	1	4752 127
30	4614	0.4	1	4475 139
31	3955	0.4	1	3863 92
32	3817	0.4	1	3700 117
33	3722	0.4	1	3605 117
34	3402	0.4	1	3299 103
35	3335	0.4	1	3232 103
36	3198	0.4	1	3105 93
37	2752	0.4	1	2658 94
38	2485	0.4	1	2400 85
39	2263	0.4	1	2179 84
40	2280	0.4	1	2209 71
41	2207	0.4	1	2138 69
42	2001	0.4	1	1935 66
43	1709	0.4	1	1648 61
44	1591	0.4	1	1513 78
45	1598	0.4	1	1531 67
46	1409	0.4	1	1350 59
47	1172	0.4	1	1091 81
48	990	0.4	1	930 60
49	856	0.4	1	801 55
50	769	0.4	1	710 59
51	670	0.4	1	617 53
52	556	0.4	1	508 48
53	726	0.4	1	642 84
54	706	0.4	1	630 76
55	568	0.4	1	525 43
56	463	0.4	1	405 58
57	572	0.4	1	522 50
58	470	0.4	1	418 52
59	1964	0.4	1	1898 66
60	473	0.4	1	439 34
61	460	0.4	1	431 29
62	331	0.4	1	283 48
63	152	0.4	1	118 34
64	281	0.4	1	232 49
65	296	0.4	1	240 56
66	102	0.4	1	71 31
67	100	0.4	1	56 44
68	51	0.4	1	21 30
69	44	0.4	1	23 21
70	17	0.4	1	3 14
71	115	0.4	1	33 82
72	24	0.4	1	7 17
73	142	0.4	1	59 83
74	77	0.4	1	19 58
75	31	0.4	1	0 31
76	1209	0.4	1	3 1206

RUN STATISTICS FOR INPUT FILE: SRR19243481/SRR19243481_2.fastq.gz
=============================================
28875291 sequences processed in total
The length threshold of paired-end sequences gets evaluated later on (in the validation step)

Validate paired-end files SRR19243481_1_trimmed.fq.gz and SRR19243481_2_trimmed.fq.gz
file_1: SRR19243481_1_trimmed.fq.gz, file_2: SRR19243481_2_trimmed.fq.gz


>>>>> Now validing the length of the 2 paired-end infiles: SRR19243481_1_trimmed.fq.gz and SRR19243481_2_trimmed.fq.gz <<<<<
Writing validated paired-end Read 1 reads to SRR19243481_1_val_1.fq.gz
Writing validated paired-end Read 2 reads to SRR19243481_2_val_2.fq.gz

Total number of sequences analysed: 28875291

Number of sequence pairs removed because at least one read was shorter than the length cutoff (35 bp): 71786 (0.25%)

Deleting both intermediate output files SRR19243481_1_trimmed.fq.gz and SRR19243481_2_trimmed.fq.gz

====================================================================================================

Path to Cutadapt set as: 'cutadapt' (default)
Cutadapt seems to be working fine (tested command 'cutadapt --version')
Cutadapt version: 4.5
Could not detect version of Python used by Cutadapt from the first line of Cutadapt (but found this: >>>#!/bin/sh<<<)
Letting the (modified) Cutadapt deal with the Python version instead
pigz 2.8
Parallel gzip (pigz) detected. Proceeding with multicore (de)compression using 6 cores

igzip command line interface 2.30.0
igzip detected. Using igzip for decompressing

No quality encoding type selected. Assuming that the data provided uses Sanger encoded Phred scores (default)

Writing report to 'SRR19243482_1.fastq.gz_trimming_report.txt'

SUMMARISING RUN PARAMETERS
==========================
Input filename: SRR19243482/SRR19243482_1.fastq.gz
Trimming mode: paired-end
Trim Galore version: 0.6.10
Cutadapt version: 4.5
Python version: could not detect
Number of cores used for trimming: 6
Quality Phred score cutoff: 20
Quality encoding type selected: ASCII+33
Adapter sequence: 'AGATCGGAAGAGC' (Illumina TruSeq, Sanger iPCR; user defined)
Maximum trimming error rate: 0.1 (default)
Minimum required adapter overlap (stringency): 1 bp
Minimum required sequence length for both reads before a sequence pair gets removed: 35 bp
Output file(s) will be GZIP compressed

Cutadapt seems to be fairly up-to-date (version 4.5). Setting -j 6
Writing final adapter and quality trimmed output to SRR19243482_1_trimmed.fq.gz


  >>> Now performing quality (cutoff '-q 20') and adapter trimming in a single pass for the adapter sequence: 'AGATCGGAAGAGC' from file SRR19243482/SRR19243482_1.fastq.gz <<< 
10000000 sequences processed
20000000 sequences processed
This is cutadapt 4.5 with Python 3.10.13
Command line parameters: -j 6 -e 0.1 -q 20 -O 1 -a AGATCGGAAGAGC SRR19243482/SRR19243482_1.fastq.gz
Processing single-end reads on 6 cores ...
Finished in 112.852 s (4.325 µs/read; 13.87 M reads/minute).

=== Summary ===

Total reads processed:              26,095,389
Reads with adapters:                 8,314,770 (31.9%)
Reads written (passing filters):    26,095,389 (100.0%)

Total basepairs processed: 1,983,249,564 bp
Quality-trimmed:               1,598,929 bp (0.1%)
Total written (filtered):  1,964,494,525 bp (99.1%)

=== Adapter 1 ===

Sequence: AGATCGGAAGAGC; Type: regular 3'; Length: 13; Trimmed: 8314770 times

Minimum overlap: 1
No. of allowed errors:
1-9 bp: 0; 10-13 bp: 1

Bases preceding removed adapters:
  A: 28.4%
  C: 30.5%
  G: 24.7%
  T: 16.4%
  none/other: 0.0%

Overview of removed sequences
length	count	expect	max.err	error counts
1	5610908	6523847.2	0	5610908
2	1715528	1630961.8	0	1715528
3	518789	407740.5	0	518789
4	106113	101935.1	0	106113
5	42355	25483.8	0	42355
6	24324	6370.9	0	24324
7	19640	1592.7	0	19640
8	17489	398.2	0	17489
9	17898	99.5	0	17608 290
10	16758	24.9	1	16081 677
11	16127	6.2	1	15636 491
12	15009	1.6	1	14632 377
13	13722	0.4	1	13381 341
14	12734	0.4	1	12424 310
15	12316	0.4	1	12032 284
16	11682	0.4	1	11401 281
17	11059	0.4	1	10797 262
18	9843	0.4	1	9603 240
19	9003	0.4	1	8774 229
20	8405	0.4	1	8221 184
21	8019	0.4	1	7810 209
22	8254	0.4	1	8092 162
23	7053	0.4	1	6843 210
24	7004	0.4	1	6853 151
25	6163	0.4	1	5969 194
26	5373	0.4	1	5237 136
27	4919	0.4	1	4772 147
28	4666	0.4	1	4541 125
29	4117	0.4	1	3993 124
30	3914	0.4	1	3808 106
31	3484	0.4	1	3386 98
32	3255	0.4	1	3166 89
33	3234	0.4	1	3151 83
34	2938	0.4	1	2847 91
35	2750	0.4	1	2667 83
36	2638	0.4	1	2562 76
37	2247	0.4	1	2179 68
38	2132	0.4	1	2073 59
39	1870	0.4	1	1807 63
40	1776	0.4	1	1714 62
41	1731	0.4	1	1677 54
42	1625	0.4	1	1566 59
43	1848	0.4	1	1786 62
44	882	0.4	1	848 34
45	1173	0.4	1	1129 44
46	1014	0.4	1	982 32
47	843	0.4	1	799 44
48	743	0.4	1	702 41
49	645	0.4	1	605 40
50	539	0.4	1	504 35
51	497	0.4	1	463 34
52	377	0.4	1	349 28
53	500	0.4	1	436 64
54	394	0.4	1	363 31
55	483	0.4	1	429 54
56	347	0.4	1	326 21
57	401	0.4	1	372 29
58	470	0.4	1	440 30
59	1555	0.4	1	1485 70
60	447	0.4	1	422 25
61	421	0.4	1	398 23
62	284	0.4	1	243 41
63	120	0.4	1	110 10
64	224	0.4	1	213 11
65	211	0.4	1	199 12
66	77	0.4	1	69 8
67	81	0.4	1	48 33
68	41	0.4	1	34 7
69	21	0.4	1	19 2
70	18	0.4	1	8 10
71	72	0.4	1	60 12
72	29	0.4	1	13 16
73	153	0.4	1	113 40
74	70	0.4	1	42 28
75	68	0.4	1	18 50
76	858	0.4	1	9 849

RUN STATISTICS FOR INPUT FILE: SRR19243482/SRR19243482_1.fastq.gz
=============================================
26095389 sequences processed in total
The length threshold of paired-end sequences gets evaluated later on (in the validation step)

Writing report to 'SRR19243482_2.fastq.gz_trimming_report.txt'

SUMMARISING RUN PARAMETERS
==========================
Input filename: SRR19243482/SRR19243482_2.fastq.gz
Trimming mode: paired-end
Trim Galore version: 0.6.10
Cutadapt version: 4.5
Python version: could not detect
Number of cores used for trimming: 6
Quality Phred score cutoff: 20
Quality encoding type selected: ASCII+33
Adapter sequence: 'AGATCGGAAGAGC' (Illumina TruSeq, Sanger iPCR; user defined)
Maximum trimming error rate: 0.1 (default)
Minimum required adapter overlap (stringency): 1 bp
Minimum required sequence length for both reads before a sequence pair gets removed: 35 bp
Output file(s) will be GZIP compressed

Cutadapt seems to be fairly up-to-date (version 4.5). Setting -j -j 6
Writing final adapter and quality trimmed output to SRR19243482_2_trimmed.fq.gz


  >>> Now performing quality (cutoff '-q 20') and adapter trimming in a single pass for the adapter sequence: 'AGATCGGAAGAGC' from file SRR19243482/SRR19243482_2.fastq.gz <<< 
10000000 sequences processed
20000000 sequences processed
This is cutadapt 4.5 with Python 3.10.13
Command line parameters: -j 6 -e 0.1 -q 20 -O 1 -a AGATCGGAAGAGC SRR19243482/SRR19243482_2.fastq.gz
Processing single-end reads on 6 cores ...
Finished in 116.663 s (4.471 µs/read; 13.42 M reads/minute).

=== Summary ===

Total reads processed:              26,095,389
Reads with adapters:                 9,022,463 (34.6%)
Reads written (passing filters):    26,095,389 (100.0%)

Total basepairs processed: 1,983,249,564 bp
Quality-trimmed:               6,456,870 bp (0.3%)
Total written (filtered):  1,958,353,743 bp (98.7%)

=== Adapter 1 ===

Sequence: AGATCGGAAGAGC; Type: regular 3'; Length: 13; Trimmed: 9022463 times

Minimum overlap: 1
No. of allowed errors:
1-9 bp: 0; 10-13 bp: 1

Bases preceding removed adapters:
  A: 31.1%
  C: 28.9%
  G: 23.8%
  T: 16.1%
  none/other: 0.0%

Overview of removed sequences
length	count	expect	max.err	error counts
1	5953074	6523847.2	0	5953074
2	2014141	1630961.8	0	2014141
3	569006	407740.5	0	569006
4	120603	101935.1	0	120603
5	42425	25483.8	0	42425
6	23085	6370.9	0	23085
7	19547	1592.7	0	19547
8	17397	398.2	0	17397
9	18022	99.5	0	17641 381
10	16909	24.9	1	15998 911
11	16344	6.2	1	15719 625
12	15118	1.6	1	14667 451
13	13619	0.4	1	13291 328
14	13119	0.4	1	12760 359
15	12040	0.4	1	11778 262
16	11722	0.4	1	11436 286
17	11388	0.4	1	11128 260
18	9382	0.4	1	9182 200
19	9262	0.4	1	9001 261
20	8188	0.4	1	7959 229
21	7979	0.4	1	7804 175
22	8291	0.4	1	8106 185
23	7176	0.4	1	6941 235
24	7160	0.4	1	6937 223
25	6023	0.4	1	5864 159
26	5461	0.4	1	5319 142
27	5050	0.4	1	4864 186
28	4675	0.4	1	4526 149
29	4144	0.4	1	4013 131
30	4083	0.4	1	3976 107
31	3419	0.4	1	3318 101
32	3315	0.4	1	3201 114
33	3335	0.4	1	3227 108
34	3004	0.4	1	2895 109
35	2895	0.4	1	2801 94
36	2715	0.4	1	2616 99
37	2280	0.4	1	2212 68
38	2172	0.4	1	2082 90
39	1967	0.4	1	1882 85
40	1807	0.4	1	1743 64
41	1782	0.4	1	1700 82
42	1697	0.4	1	1621 76
43	1437	0.4	1	1376 61
44	1254	0.4	1	1186 68
45	1307	0.4	1	1241 66
46	1175	0.4	1	1108 67
47	931	0.4	1	861 70
48	793	0.4	1	723 70
49	707	0.4	1	653 54
50	592	0.4	1	556 36
51	518	0.4	1	487 31
52	429	0.4	1	385 44
53	537	0.4	1	460 77
54	512	0.4	1	458 54
55	492	0.4	1	447 45
56	385	0.4	1	335 50
57	451	0.4	1	412 39
58	417	0.4	1	387 30
59	2196	0.4	1	2137 59
60	508	0.4	1	476 32
61	497	0.4	1	465 32
62	305	0.4	1	269 36
63	142	0.4	1	109 33
64	240	0.4	1	184 56
65	219	0.4	1	173 46
66	91	0.4	1	63 28
67	77	0.4	1	44 33
68	52	0.4	1	32 20
69	32	0.4	1	11 21
70	11	0.4	1	2 9
71	69	0.4	1	14 55
72	35	0.4	1	6 29
73	162	0.4	1	68 94
74	61	0.4	1	25 36
75	16	0.4	1	1 15
76	992	0.4	1	4 988

RUN STATISTICS FOR INPUT FILE: SRR19243482/SRR19243482_2.fastq.gz
=============================================
26095389 sequences processed in total
The length threshold of paired-end sequences gets evaluated later on (in the validation step)

Validate paired-end files SRR19243482_1_trimmed.fq.gz and SRR19243482_2_trimmed.fq.gz
file_1: SRR19243482_1_trimmed.fq.gz, file_2: SRR19243482_2_trimmed.fq.gz


>>>>> Now validing the length of the 2 paired-end infiles: SRR19243482_1_trimmed.fq.gz and SRR19243482_2_trimmed.fq.gz <<<<<
Writing validated paired-end Read 1 reads to SRR19243482_1_val_1.fq.gz
Writing validated paired-end Read 2 reads to SRR19243482_2_val_2.fq.gz

Total number of sequences analysed: 26095389

Number of sequence pairs removed because at least one read was shorter than the length cutoff (35 bp): 70519 (0.27%)

Deleting both intermediate output files SRR19243482_1_trimmed.fq.gz and SRR19243482_2_trimmed.fq.gz

====================================================================================================

Path to Cutadapt set as: 'cutadapt' (default)
Cutadapt seems to be working fine (tested command 'cutadapt --version')
Cutadapt version: 4.5
Could not detect version of Python used by Cutadapt from the first line of Cutadapt (but found this: >>>#!/bin/sh<<<)
Letting the (modified) Cutadapt deal with the Python version instead
pigz 2.8
Parallel gzip (pigz) detected. Proceeding with multicore (de)compression using 6 cores

igzip command line interface 2.30.0
igzip detected. Using igzip for decompressing

No quality encoding type selected. Assuming that the data provided uses Sanger encoded Phred scores (default)

Writing report to 'SRR19243483_1.fastq.gz_trimming_report.txt'

SUMMARISING RUN PARAMETERS
==========================
Input filename: SRR19243483/SRR19243483_1.fastq.gz
Trimming mode: paired-end
Trim Galore version: 0.6.10
Cutadapt version: 4.5
Python version: could not detect
Number of cores used for trimming: 6
Quality Phred score cutoff: 20
Quality encoding type selected: ASCII+33
Adapter sequence: 'AGATCGGAAGAGC' (Illumina TruSeq, Sanger iPCR; user defined)
Maximum trimming error rate: 0.1 (default)
Minimum required adapter overlap (stringency): 1 bp
Minimum required sequence length for both reads before a sequence pair gets removed: 35 bp
Output file(s) will be GZIP compressed

Cutadapt seems to be fairly up-to-date (version 4.5). Setting -j 6
Writing final adapter and quality trimmed output to SRR19243483_1_trimmed.fq.gz


  >>> Now performing quality (cutoff '-q 20') and adapter trimming in a single pass for the adapter sequence: 'AGATCGGAAGAGC' from file SRR19243483/SRR19243483_1.fastq.gz <<< 
10000000 sequences processed
20000000 sequences processed
30000000 sequences processed
This is cutadapt 4.5 with Python 3.10.13
Command line parameters: -j 6 -e 0.1 -q 20 -O 1 -a AGATCGGAAGAGC SRR19243483/SRR19243483_1.fastq.gz
Processing single-end reads on 6 cores ...
Finished in 140.774 s (4.473 µs/read; 13.41 M reads/minute).

=== Summary ===

Total reads processed:              31,473,230
Reads with adapters:                10,118,491 (32.1%)
Reads written (passing filters):    31,473,230 (100.0%)

Total basepairs processed: 2,391,965,480 bp
Quality-trimmed:               2,320,558 bp (0.1%)
Total written (filtered):  2,367,799,926 bp (99.0%)

=== Adapter 1 ===

Sequence: AGATCGGAAGAGC; Type: regular 3'; Length: 13; Trimmed: 10118491 times

Minimum overlap: 1
No. of allowed errors:
1-9 bp: 0; 10-13 bp: 1

Bases preceding removed adapters:
  A: 28.3%
  C: 31.2%
  G: 24.9%
  T: 15.6%
  none/other: 0.0%

Overview of removed sequences
length	count	expect	max.err	error counts
1	6736547	7868307.5	0	6736547
2	2112833	1967076.9	0	2112833
3	676001	491769.2	0	676001
4	126948	122942.3	0	126948
5	49706	30735.6	0	49706
6	28912	7683.9	0	28912
7	22735	1921.0	0	22735
8	21556	480.2	0	21556
9	21260	120.1	0	20878 382
10	20449	30.0	1	19629 820
11	19571	7.5	1	18872 699
12	18184	1.9	1	17734 450
13	16822	0.5	1	16416 406
14	15682	0.5	1	15305 377
15	15253	0.5	1	14904 349
16	14684	0.5	1	14389 295
17	14180	0.5	1	13854 326
18	13069	0.5	1	12761 308
19	12320	0.5	1	12013 307
20	11400	0.5	1	11140 260
21	10611	0.5	1	10360 251
22	11057	0.5	1	10817 240
23	9559	0.5	1	9323 236
24	9349	0.5	1	9146 203
25	8359	0.5	1	8148 211
26	7757	0.5	1	7575 182
27	6985	0.5	1	6801 184
28	6591	0.5	1	6396 195
29	6013	0.5	1	5841 172
30	5405	0.5	1	5254 151
31	4921	0.5	1	4797 124
32	4632	0.5	1	4518 114
33	4547	0.5	1	4434 113
34	4194	0.5	1	4089 105
35	4239	0.5	1	4096 143
36	3693	0.5	1	3594 99
37	3432	0.5	1	3333 99
38	2884	0.5	1	2813 71
39	2796	0.5	1	2697 99
40	2739	0.5	1	2658 81
41	2564	0.5	1	2494 70
42	2401	0.5	1	2301 100
43	3087	0.5	1	2970 117
44	1342	0.5	1	1279 63
45	1726	0.5	1	1655 71
46	1560	0.5	1	1489 71
47	1423	0.5	1	1357 66
48	1199	0.5	1	1150 49
49	990	0.5	1	953 37
50	934	0.5	1	880 54
51	911	0.5	1	854 57
52	723	0.5	1	679 44
53	998	0.5	1	919 79
54	773	0.5	1	725 48
55	894	0.5	1	815 79
56	760	0.5	1	718 42
57	767	0.5	1	710 57
58	724	0.5	1	673 51
59	1825	0.5	1	1743 82
60	795	0.5	1	758 37
61	676	0.5	1	631 45
62	614	0.5	1	558 56
63	256	0.5	1	229 27
64	393	0.5	1	364 29
65	337	0.5	1	310 27
66	139	0.5	1	128 11
67	151	0.5	1	122 29
68	62	0.5	1	41 21
69	73	0.5	1	55 18
70	38	0.5	1	17 21
71	82	0.5	1	65 17
72	37	0.5	1	22 15
73	181	0.5	1	131 50
74	102	0.5	1	58 44
75	122	0.5	1	25 97
76	957	0.5	1	10 947

RUN STATISTICS FOR INPUT FILE: SRR19243483/SRR19243483_1.fastq.gz
=============================================
31473230 sequences processed in total
The length threshold of paired-end sequences gets evaluated later on (in the validation step)

Writing report to 'SRR19243483_2.fastq.gz_trimming_report.txt'

SUMMARISING RUN PARAMETERS
==========================
Input filename: SRR19243483/SRR19243483_2.fastq.gz
Trimming mode: paired-end
Trim Galore version: 0.6.10
Cutadapt version: 4.5
Python version: could not detect
Number of cores used for trimming: 6
Quality Phred score cutoff: 20
Quality encoding type selected: ASCII+33
Adapter sequence: 'AGATCGGAAGAGC' (Illumina TruSeq, Sanger iPCR; user defined)
Maximum trimming error rate: 0.1 (default)
Minimum required adapter overlap (stringency): 1 bp
Minimum required sequence length for both reads before a sequence pair gets removed: 35 bp
Output file(s) will be GZIP compressed

Cutadapt seems to be fairly up-to-date (version 4.5). Setting -j -j 6
Writing final adapter and quality trimmed output to SRR19243483_2_trimmed.fq.gz


  >>> Now performing quality (cutoff '-q 20') and adapter trimming in a single pass for the adapter sequence: 'AGATCGGAAGAGC' from file SRR19243483/SRR19243483_2.fastq.gz <<< 
10000000 sequences processed
20000000 sequences processed
30000000 sequences processed
This is cutadapt 4.5 with Python 3.10.13
Command line parameters: -j 6 -e 0.1 -q 20 -O 1 -a AGATCGGAAGAGC SRR19243483/SRR19243483_2.fastq.gz
Processing single-end reads on 6 cores ...
Finished in 142.598 s (4.531 µs/read; 13.24 M reads/minute).

=== Summary ===

Total reads processed:              31,473,230
Reads with adapters:                10,450,837 (33.2%)
Reads written (passing filters):    31,473,230 (100.0%)

Total basepairs processed: 2,391,965,480 bp
Quality-trimmed:              10,263,241 bp (0.4%)
Total written (filtered):  2,359,091,046 bp (98.6%)

=== Adapter 1 ===

Sequence: AGATCGGAAGAGC; Type: regular 3'; Length: 13; Trimmed: 10450837 times

Minimum overlap: 1
No. of allowed errors:
1-9 bp: 0; 10-13 bp: 1

Bases preceding removed adapters:
  A: 30.5%
  C: 29.0%
  G: 24.5%
  T: 15.9%
  none/other: 0.0%

Overview of removed sequences
length	count	expect	max.err	error counts
1	6867967	7868307.5	0	6867967
2	2307865	1967076.9	0	2307865
3	660905	491769.2	0	660905
4	142232	122942.3	0	142232
5	51712	30735.6	0	51712
6	27669	7683.9	0	27669
7	22824	1921.0	0	22824
8	21462	480.2	0	21462
9	21290	120.1	0	20839 451
10	20645	30.0	1	19524 1121
11	19586	7.5	1	18873 713
12	18323	1.9	1	17824 499
13	16683	0.5	1	16306 377
14	16387	0.5	1	15863 524
15	14659	0.5	1	14370 289
16	14632	0.5	1	14280 352
17	14840	0.5	1	14497 343
18	12239	0.5	1	11994 245
19	12679	0.5	1	12352 327
20	11028	0.5	1	10767 261
21	10419	0.5	1	10176 243
22	11032	0.5	1	10807 225
23	9736	0.5	1	9475 261
24	9640	0.5	1	9314 326
25	8238	0.5	1	8021 217
26	7832	0.5	1	7631 201
27	7171	0.5	1	6949 222
28	6616	0.5	1	6428 188
29	5970	0.5	1	5813 157
30	5735	0.5	1	5523 212
31	4748	0.5	1	4630 118
32	4727	0.5	1	4575 152
33	4672	0.5	1	4530 142
34	4259	0.5	1	4116 143
35	4345	0.5	1	4186 159
36	3816	0.5	1	3702 114
37	3422	0.5	1	3317 105
38	2961	0.5	1	2874 87
39	2971	0.5	1	2873 98
40	2804	0.5	1	2719 85
41	2697	0.5	1	2602 95
42	2515	0.5	1	2410 105
43	2520	0.5	1	2440 80
44	1962	0.5	1	1866 96
45	2048	0.5	1	1950 98
46	1796	0.5	1	1719 77
47	1587	0.5	1	1494 93
48	1298	0.5	1	1226 72
49	1122	0.5	1	1057 65
50	1056	0.5	1	986 70
51	1002	0.5	1	951 51
52	866	0.5	1	807 59
53	1101	0.5	1	1001 100
54	1069	0.5	1	994 75
55	938	0.5	1	870 68
56	875	0.5	1	811 64
57	940	0.5	1	882 58
58	829	0.5	1	767 62
59	2519	0.5	1	2459 60
60	926	0.5	1	886 40
61	726	0.5	1	684 42
62	703	0.5	1	643 60
63	259	0.5	1	225 34
64	402	0.5	1	344 58
65	334	0.5	1	265 69
66	146	0.5	1	122 24
67	172	0.5	1	96 76
68	68	0.5	1	36 32
69	68	0.5	1	46 22
70	25	0.5	1	4 21
71	71	0.5	1	25 46
72	38	0.5	1	10 28
73	175	0.5	1	71 104
74	91	0.5	1	32 59
75	47	0.5	1	1 46
76	1105	0.5	1	1 1104

RUN STATISTICS FOR INPUT FILE: SRR19243483/SRR19243483_2.fastq.gz
=============================================
31473230 sequences processed in total
The length threshold of paired-end sequences gets evaluated later on (in the validation step)

Validate paired-end files SRR19243483_1_trimmed.fq.gz and SRR19243483_2_trimmed.fq.gz
file_1: SRR19243483_1_trimmed.fq.gz, file_2: SRR19243483_2_trimmed.fq.gz


>>>>> Now validing the length of the 2 paired-end infiles: SRR19243483_1_trimmed.fq.gz and SRR19243483_2_trimmed.fq.gz <<<<<
Writing validated paired-end Read 1 reads to SRR19243483_1_val_1.fq.gz
Writing validated paired-end Read 2 reads to SRR19243483_2_val_2.fq.gz

Total number of sequences analysed: 31473230

Number of sequence pairs removed because at least one read was shorter than the length cutoff (35 bp): 125759 (0.40%)

Deleting both intermediate output files SRR19243483_1_trimmed.fq.gz and SRR19243483_2_trimmed.fq.gz

====================================================================================================

